<?xml version="1.0" encoding="UTF-8"?>
<!-- Generated by org.testng.reporters.JUnitReportReporter -->
<testsuite hostname="LAPTOP-5SMNA8RP" failures="0" tests="4" name="testscripts.SubCategoryTest" time="91.301" errors="0" timestamp="2025-02-19T15:12:03 IST" skipped="0">
  <testcase classname="testscripts.SubCategoryTest" name="verifydeletesubcategorybutton" time="12.949"/>
  <testcase classname="testscripts.SubCategoryTest" name="verifyAddNewSubcategorywithValidDetails" time="33.896"/>
  <testcase classname="testscripts.SubCategoryTest" name="verifyUsercanSerachNonExistingSubCategory" time="20.881"/>
  <testcase classname="testscripts.SubCategoryTest" name="verifyStatusChange" time="23.575"/>
</testsuite> <!-- testscripts.SubCategoryTest -->
