<?xml version="1.0" encoding="UTF-8"?>
<!-- Generated by org.testng.reporters.JUnitReportReporter -->
<testsuite hostname="LAPTOP-5SMNA8RP" failures="0" tests="4" name="testscripts.CategoryTest" time="123.748" errors="0" timestamp="2025-02-19T15:12:03 IST" skipped="0">
  <testcase classname="testscripts.CategoryTest" name="verifydeletecategory" time="28.721"/>
  <testcase classname="testscripts.CategoryTest" name="verifyStatusButton" time="16.879"/>
  <testcase classname="testscripts.CategoryTest" name="verifyAddCategorywithValidData" time="24.335"/>
  <testcase classname="testscripts.CategoryTest" name="verifyUsercanSearchNonExistingCategory" time="53.813"/>
</testsuite> <!-- testscripts.CategoryTest -->
