<?xml version="1.0" encoding="UTF-8"?>
<!-- Generated by org.testng.reporters.JUnitReportReporter -->
<testsuite hostname="LAPTOP-5SMNA8RP" failures="0" tests="4" name="testscripts.CategoryTest" time="21.855" errors="0" timestamp="2025-02-18T23:28:57 IST" skipped="0">
  <testcase classname="testscripts.CategoryTest" name="verifyAddCategorywithValidData" time="5.093"/>
  <testcase classname="testscripts.CategoryTest" name="verifydeletecategory" time="4.933"/>
  <testcase classname="testscripts.CategoryTest" name="verifyUsercanSearchNonExistingCategory" time="5.345"/>
  <testcase classname="testscripts.CategoryTest" name="verifyStatusButton" time="6.484"/>
</testsuite> <!-- testscripts.CategoryTest -->
