<?xml version="1.0" encoding="UTF-8"?>
<!-- Generated by org.testng.reporters.JUnitReportReporter -->
<testsuite hostname="LAPTOP-5SMNA8RP" failures="0" tests="4" name="testscripts.SubCategoryTest" time="50.854" errors="0" timestamp="2025-02-18T23:04:22 IST" skipped="0">
  <testcase classname="testscripts.SubCategoryTest" name="verifydeletesubcategorybutton" time="8.845"/>
  <testcase classname="testscripts.SubCategoryTest" name="verifyAddNewSubcategorywithValidDetails" time="26.290"/>
  <testcase classname="testscripts.SubCategoryTest" name="verifyUsercanSerachNonExistingSubCategory" time="9.561"/>
  <testcase classname="testscripts.SubCategoryTest" name="verifyStatusChange" time="6.158"/>
</testsuite> <!-- testscripts.SubCategoryTest -->
