<?xml version="1.0" encoding="UTF-8"?>
<!-- Generated by org.testng.reporters.JUnitReportReporter -->
<testsuite hostname="LAPTOP-5SMNA8RP" failures="0" tests="1" name="testscripts.ManageContactTest" time="9.245" errors="0" timestamp="2025-02-18T23:28:56 IST" skipped="0">
  <testcase classname="testscripts.ManageContactTest" name="verifyeditManageContact" time="9.245"/>
</testsuite> <!-- testscripts.ManageContactTest -->
